<?xml version="1.0" encoding="UTF-8"?>
<testsuite name="todo.mapper.UserMapperTest" tests="4" skipped="0" failures="0" errors="0" timestamp="2025-12-27T19:50:07.630Z" hostname="DESKTOP-DHIEOVR" time="1.127">
  <properties/>
  <testcase name="toEntity_ShouldConvertDtoToEntity()" classname="todo.mapper.UserMapperTest" time="1.115"/>
  <testcase name="toDto_WhenEntityIsNull_ShouldReturnNull()" classname="todo.mapper.UserMapperTest" time="0.002"/>
  <testcase name="toDto_ShouldConvertEntityToDto()" classname="todo.mapper.UserMapperTest" time="0.005"/>
  <testcase name="toEntity_WhenDtoIsNull_ShouldReturnNull()" classname="todo.mapper.UserMapperTest" time="0.003"/>
  <system-out><![CDATA[]]></system-out>
  <system-err><![CDATA[]]></system-err>
</testsuite>
